<?xml version="1.0" encoding="UTF-8"?>
<testsuite xmlns:xsi="http://www.w3.org/2001/XMLSchema-instance" xsi:noNamespaceSchemaLocation="https://maven.apache.org/surefire/maven-surefire-plugin/xsd/surefire-test-report.xsd" version="3.0.2" name="com.example.controller.UserControlerTest" time="12.729" tests="5" errors="0" skipped="0" failures="0">
  <properties>
[...]
</properties>
  <testcase name="shouldGetUserById" classname="com.example.controller.UserControlerTest" time="0.642">
    <system-out><![CDATA[22:13:13.164 [main] INFO org.testcontainers.images.PullPolicy -- Image pull policy will be performed by: DefaultPullPolicy()
22:13:13.169 [main] INFO org.testcontainers.utility.ImageNameSubstitutor -- Image name substitution will be performed by: DefaultImageNameSubstitutor (composite of 'ConfigurationFileImageNameSubstitutor' and 'PrefixingImageNameSubstitutor')
22:13:14.440 [main] INFO org.testcontainers.dockerclient.DockerClientProviderStrategy -- Loaded org.testcontainers.dockerclient.NpipeSocketClientProviderStrategy from ~/.testcontainers.properties, will try it first
22:13:14.757 [main] INFO org.testcontainers.dockerclient.DockerClientProviderStrategy -- Found Docker environment with local Npipe socket (npipe:////./pipe/docker_engine)
22:13:14.759 [main] INFO org.testcontainers.DockerClientFactory -- Docker host IP address is localhost
22:13:14.779 [main] INFO org.testcontainers.DockerClientFactory -- Connected to docker: 
  Server Version: 28.5.1
  API Version: 1.51
  Operating System: Docker Desktop
  Total Memory: 1904 MB
22:13:14.902 [main] INFO tc.testcontainers/ryuk:0.6.0 -- Creating container for image: testcontainers/ryuk:0.6.0
22:13:15.255 [main] INFO tc.testcontainers/ryuk:0.6.0 -- Container testcontainers/ryuk:0.6.0 is starting: c24fc1ce1ef32e3a3f41255789170ed2f4009edeaa9fe33928e06bb6d3838f5c
22:13:15.773 [main] INFO tc.testcontainers/ryuk:0.6.0 -- Container testcontainers/ryuk:0.6.0 started in PT0.8712783S
22:13:15.779 [main] INFO org.testcontainers.utility.RyukResourceReaper -- Ryuk started - will monitor and terminate Testcontainers containers on JVM exit
22:13:15.779 [main] INFO org.testcontainers.DockerClientFactory -- Checking the system...
22:13:15.780 [main] INFO org.testcontainers.DockerClientFactory -- ✔︎ Docker server version should be at least 1.6.0
22:13:15.780 [main] INFO tc.postgres:15 -- Creating container for image: postgres:15
22:13:15.979 [main] INFO tc.postgres:15 -- Container postgres:15 is starting: 3e543880c28ef818a44336e7b2f295f4ebbb0aa7f9809133ee169a8671b4243c
22:13:19.913 [main] INFO tc.postgres:15 -- Container postgres:15 started in PT4.1324066S
22:13:19.914 [main] INFO tc.postgres:15 -- Container is started (JDBC URL: jdbc:postgresql://localhost:50877/testdb?loggerLevel=OFF)
22:13:19.974 [main] INFO org.springframework.boot.devtools.restart.RestartApplicationListener -- Restart disabled due to context in which it is running

  .   ____          _            __ _ _
 /\\ / ___'_ __ _ _(_)_ __  __ _ \ \ \ \
( ( )\___ | '_ | '_| | '_ \/ _` | \ \ \ \
 \\/  ___)| |_)| | | | | || (_| |  ) ) ) )
  '  |____| .__|_| |_|_| |_\__, | / / / /
 =========|_|==============|___/=/_/_/_/

 :: Spring Boot ::       (v4.0.0-SNAPSHOT)

2025-11-09T22:13:20.238+04:00  INFO 10576 --- [           main] c.example.controller.UserControlerTest   : Starting UserControlerTest using Java 21.0.4 with PID 10576 (started by Nikolas in D:\JAVA\intens\hmw4\demo)
2025-11-09T22:13:20.239+04:00  INFO 10576 --- [           main] c.example.controller.UserControlerTest   : No active profile set, falling back to 1 default profile: "default"
2025-11-09T22:13:20.989+04:00  INFO 10576 --- [           main] .s.d.r.c.RepositoryConfigurationDelegate : Bootstrapping Spring Data JPA repositories in DEFAULT mode.
2025-11-09T22:13:21.043+04:00  INFO 10576 --- [           main] .s.d.r.c.RepositoryConfigurationDelegate : Finished Spring Data repository scanning in 43 ms. Found 1 JPA repository interface.
2025-11-09T22:13:21.571+04:00  INFO 10576 --- [           main] o.hibernate.jpa.internal.util.LogHelper  : HHH000204: Processing PersistenceUnitInfo [name: default]
2025-11-09T22:13:21.628+04:00  INFO 10576 --- [           main] org.hibernate.Version                    : HHH000412: Hibernate ORM core version 7.1.6.Final
2025-11-09T22:13:22.097+04:00  INFO 10576 --- [           main] o.s.o.j.p.SpringPersistenceUnitInfo      : No LoadTimeWeaver setup: ignoring JPA class transformer
2025-11-09T22:13:22.128+04:00  INFO 10576 --- [           main] com.zaxxer.hikari.HikariDataSource       : HikariPool-1 - Starting...
2025-11-09T22:13:22.268+04:00  INFO 10576 --- [           main] com.zaxxer.hikari.pool.HikariPool        : HikariPool-1 - Added connection org.postgresql.jdbc.PgConnection@50d6af87
2025-11-09T22:13:22.269+04:00  INFO 10576 --- [           main] com.zaxxer.hikari.HikariDataSource       : HikariPool-1 - Start completed.
2025-11-09T22:13:22.303+04:00  WARN 10576 --- [           main] org.hibernate.orm.deprecation            : HHH90000025: PostgreSQLDialect does not need to be specified explicitly using 'hibernate.dialect' (remove the property setting and it will be selected by default)
2025-11-09T22:13:22.322+04:00  INFO 10576 --- [           main] org.hibernate.orm.connections.pooling    : HHH10001005: Database info:
	Database JDBC URL [jdbc:postgresql://localhost:50877/testdb?loggerLevel=OFF]
	Database driver: PostgreSQL JDBC Driver
	Database dialect: PostgreSQLDialect
	Database version: 15.14
	Default catalog/schema: testdb/public
	Autocommit mode: undefined/unknown
	Isolation level: READ_COMMITTED [default READ_COMMITTED]
	JDBC fetch size: none
	Pool: DatasourceConnectionProviderImpl
	Minimum pool size: undefined/unknown
	Maximum pool size: undefined/unknown
2025-11-09T22:13:23.096+04:00  INFO 10576 --- [           main] o.h.e.t.j.p.i.JtaPlatformInitiator       : HHH000489: No JTA platform available (set 'hibernate.transaction.jta.platform' to enable JTA platform integration)
2025-11-09T22:13:23.137+04:00  INFO 10576 --- [           main] j.LocalContainerEntityManagerFactoryBean : Initialized JPA EntityManagerFactory for persistence unit 'default'
2025-11-09T22:13:23.215+04:00  INFO 10576 --- [           main] o.s.d.j.r.query.QueryEnhancerFactories   : Hibernate is in classpath; If applicable, HQL parser will be used.
2025-11-09T22:13:23.441+04:00  WARN 10576 --- [           main] JpaBaseConfiguration$JpaWebConfiguration : spring.jpa.open-in-view is enabled by default. Therefore, database queries may be performed during view rendering. Explicitly configure spring.jpa.open-in-view to disable this warning
2025-11-09T22:13:23.489+04:00  INFO 10576 --- [           main] o.s.v.b.OptionalValidatorFactoryBean     : Failed to set up a Bean Validation provider: jakarta.validation.NoProviderFoundException: Unable to create a Configuration, because no Jakarta Validation provider could be found. Add a provider like Hibernate Validator (RI) to your classpath.
2025-11-09T22:13:24.088+04:00  INFO 10576 --- [           main] o.s.b.t.m.w.SpringBootMockServletContext : Initializing Spring TestDispatcherServlet ''
2025-11-09T22:13:24.089+04:00  INFO 10576 --- [           main] o.s.t.web.servlet.TestDispatcherServlet  : Initializing Servlet ''
2025-11-09T22:13:24.096+04:00  INFO 10576 --- [           main] o.s.b.a.e.web.EndpointLinksResolver      : Exposing 1 endpoint beneath base path '/actuator'
2025-11-09T22:13:24.107+04:00  INFO 10576 --- [           main] o.s.t.web.servlet.TestDispatcherServlet  : Completed initialization in 18 ms
2025-11-09T22:13:24.161+04:00  INFO 10576 --- [           main] .w.s.a.s.AnnotationActionEndpointMapping : Supporting [WS-Addressing August 2004, WS-Addressing 1.0]
2025-11-09T22:13:24.236+04:00  INFO 10576 --- [           main] c.example.controller.UserControlerTest   : Started UserControlerTest in 4.272 seconds (process running for 12.085)
]]></system-out>
    <system-err><![CDATA[Mockito is currently self-attaching to enable the inline-mock-maker. This will no longer work in future releases of the JDK. Please add Mockito as an agent to your build as described in Mockito's documentation: https://javadoc.io/doc/org.mockito/mockito-core/latest/org.mockito/org/mockito/Mockito.html#0.3
WARNING: A Java agent has been loaded dynamically (C:\Users\Nikolas\.m2\repository\net\bytebuddy\byte-buddy-agent\1.17.8\byte-buddy-agent-1.17.8.jar)
WARNING: If a serviceability tool is in use, please run with -XX:+EnableDynamicAgentLoading to hide this warning
WARNING: If a serviceability tool is not in use, please run with -Djdk.instrument.traceUsage for more information
WARNING: Dynamic loading of agents will be disallowed by default in a future release
]]></system-err>
  </testcase>
  <testcase name="shouldUpdateUser" classname="com.example.controller.UserControlerTest" time="0.08"/>
  <testcase name="shouldReturn404ForNonExistentUser" classname="com.example.controller.UserControlerTest" time="0.02"/>
  <testcase name="shouldCreateUser" classname="com.example.controller.UserControlerTest" time="0.411"/>
  <testcase name="shouldDeleteUser" classname="com.example.controller.UserControlerTest" time="0.059"/>
</testsuite>